Active-HDL 10.1.3088.5434  2019-04-19 10:52:56

Elaboration top modules:
Architecture                  BEH(Oscill)


-----------------------------------------------------------------------------------------------
Entity   | Architecture | Library   | Info | Compiler Version            | Compilation Options
-----------------------------------------------------------------------------------------------
Oscill   | BEH          | generator |      | 10.1.3088.5434  (Windows64) | -O3
gen      | beh          | generator |      | 10.1.3088.5434  (Windows64) | -O3
Timer    | beh          | generator |      | 10.1.3088.5434  (Windows64) | -O3
-----------------------------------------------------------------------------------------------

-----------------------------------------------------------------------------------------------
VHDL Package            | Library   | Info | Compiler Version            | Compilation Options
-----------------------------------------------------------------------------------------------
standard                | std       |      |                             | <unavailable>
TEXTIO                  | std       |      | 10.1.3088.5434  (Windows64) |  -2008
std_logic_1164          | ieee      |      | 10.1.3088.5434  (Windows64) |  -2008
std_logic_arith         | ieee      |      | 10.1.3088.5434  (Windows64) | <unavailable>
STD_LOGIC_UNSIGNED      | ieee      |      | 10.1.3088.5434  (Windows64) | <unavailable>
-----------------------------------------------------------------------------------------------

-----------------------------------------------------------------------------------------------
Library                 | Comment
-----------------------------------------------------------------------------------------------
generator               | None
ieee                    | Standard IEEE packages library
std                     | Standard VHDL library
-----------------------------------------------------------------------------------------------
