Info: Starting: Create block symbol file (.bsf)
Info: qsys-generate D:\My_Designs\Diplom\Debuger.qsys --block-symbol-file --output-directory=D:\My_Designs\Diplom\Debuger --family="Cyclone IV E" --part=EP4CE6E22C8
Progress: Loading Diplom/Debuger.qsys
Progress: Reading input file
Progress: Adding in_system_sources_probes_0 [altera_in_system_sources_probes 18.1]
Progress: Parameterizing module in_system_sources_probes_0
Progress: Building connections
Progress: Parameterizing connections
Progress: Validating
Progress: Done reading input file
Info: qsys-generate succeeded.
Info: Finished: Create block symbol file (.bsf)
Info: 
Info: Starting: Create HDL design files for synthesis
Info: qsys-generate D:\My_Designs\Diplom\Debuger.qsys --synthesis=VHDL --output-directory=D:\My_Designs\Diplom\Debuger\synthesis --family="Cyclone IV E" --part=EP4CE6E22C8
Progress: Loading Diplom/Debuger.qsys
Progress: Reading input file
Progress: Adding in_system_sources_probes_0 [altera_in_system_sources_probes 18.1]
Progress: Parameterizing module in_system_sources_probes_0
Progress: Building connections
Progress: Parameterizing connections
Progress: Validating
Progress: Done reading input file
Info: Debuger: Generating Debuger "Debuger" for QUARTUS_SYNTH
Info: in_system_sources_probes_0: "Debuger" instantiated altera_in_system_sources_probes "in_system_sources_probes_0"
Info: Debuger: Done "Debuger" with 2 modules, 2 files
Info: qsys-generate succeeded.
Info: Finished: Create HDL design files for synthesis
