Info: Starting: Create block symbol file (.bsf)
Info: qsys-generate D:\My_Designs\Diplom\NCO.qsys --block-symbol-file --output-directory=D:\My_Designs\Diplom\NCO --family="Cyclone IV E" --part=EP4CE6E22C8
Progress: Loading Diplom/NCO.qsys
Progress: Reading input file
Progress: Adding nco_ii_0 [altera_nco_ii 18.1]
Progress: Parameterizing module nco_ii_0
Progress: Building connections
Progress: Parameterizing connections
Progress: Validating
Progress: Done reading input file
Info: qsys-generate succeeded.
Info: Finished: Create block symbol file (.bsf)
Info: 
Info: Starting: Create HDL design files for synthesis
Info: qsys-generate D:\My_Designs\Diplom\NCO.qsys --synthesis=VHDL --output-directory=D:\My_Designs\Diplom\NCO\synthesis --family="Cyclone IV E" --part=EP4CE6E22C8
Progress: Loading Diplom/NCO.qsys
Progress: Reading input file
Progress: Adding nco_ii_0 [altera_nco_ii 18.1]
Progress: Parameterizing module nco_ii_0
Progress: Building connections
Progress: Parameterizing connections
Progress: Validating
Progress: Done reading input file
Info: NCO: Generating NCO "NCO" for QUARTUS_SYNTH
Info: nco_ii_0: "NCO" instantiated altera_nco_ii "nco_ii_0"
Info: NCO: Done "NCO" with 2 modules, 20 files
Info: qsys-generate succeeded.
Info: Finished: Create HDL design files for synthesis
