Analysis & Synthesis report for Generator
Fri May 10 09:31:04 2019
Quartus Prime Version 18.1.0 Build 625 09/12/2018 SJ Lite Edition


---------------------
; Table of Contents ;
---------------------
  1. Legal Notice
  2. Analysis & Synthesis Summary
  3. Analysis & Synthesis Settings
  4. Parallel Compilation
  5. Analysis & Synthesis Source Files Read
  6. Analysis & Synthesis Resource Usage Summary
  7. Analysis & Synthesis Resource Utilization by Entity
  8. State Machine - |UARTPROC|fsm
  9. General Register Statistics
 10. Inverted Register Statistics
 11. Post-Synthesis Netlist Statistics for Top Partition
 12. Elapsed Time Per Partition
 13. Analysis & Synthesis Messages



----------------
; Legal Notice ;
----------------
Copyright (C) 2018  Intel Corporation. All rights reserved.
Your use of Intel Corporation's design tools, logic functions 
and other software and tools, and its AMPP partner logic 
functions, and any output files from any of the foregoing 
(including device programming or simulation files), and any 
associated documentation or information are expressly subject 
to the terms and conditions of the Intel Program License 
Subscription Agreement, the Intel Quartus Prime License Agreement,
the Intel FPGA IP License Agreement, or other applicable license
agreement, including, without limitation, that your use is for
the sole purpose of programming logic devices manufactured by
Intel and sold by Intel or its authorized distributors.  Please
refer to the applicable agreement for further details.



+----------------------------------------------------------------------------------+
; Analysis & Synthesis Summary                                                     ;
+------------------------------------+---------------------------------------------+
; Analysis & Synthesis Status        ; Successful - Fri May 10 09:31:04 2019       ;
; Quartus Prime Version              ; 18.1.0 Build 625 09/12/2018 SJ Lite Edition ;
; Revision Name                      ; Generator                                   ;
; Top-level Entity Name              ; UARTPROC                                    ;
; Family                             ; Cyclone IV E                                ;
; Total logic elements               ; 295                                         ;
;     Total combinational functions  ; 112                                         ;
;     Dedicated logic registers      ; 274                                         ;
; Total registers                    ; 274                                         ;
; Total pins                         ; 209                                         ;
; Total virtual pins                 ; 0                                           ;
; Total memory bits                  ; 0                                           ;
; Embedded Multiplier 9-bit elements ; 0                                           ;
; Total PLLs                         ; 0                                           ;
+------------------------------------+---------------------------------------------+


+------------------------------------------------------------------------------------------------------------+
; Analysis & Synthesis Settings                                                                              ;
+------------------------------------------------------------------+--------------------+--------------------+
; Option                                                           ; Setting            ; Default Value      ;
+------------------------------------------------------------------+--------------------+--------------------+
; Device                                                           ; EP4CE6E22C8        ;                    ;
; Top-level entity name                                            ; UARTPROC           ; Generator          ;
; Family name                                                      ; Cyclone IV E       ; Cyclone V          ;
; Use smart compilation                                            ; Off                ; Off                ;
; Enable parallel Assembler and Timing Analyzer during compilation ; On                 ; On                 ;
; Enable compact report table                                      ; Off                ; Off                ;
; Restructure Multiplexers                                         ; Auto               ; Auto               ;
; Create Debugging Nodes for IP Cores                              ; Off                ; Off                ;
; Preserve fewer node names                                        ; On                 ; On                 ;
; Intel FPGA IP Evaluation Mode                                    ; Enable             ; Enable             ;
; Verilog Version                                                  ; Verilog_2001       ; Verilog_2001       ;
; VHDL Version                                                     ; VHDL_1993          ; VHDL_1993          ;
; State Machine Processing                                         ; Auto               ; Auto               ;
; Safe State Machine                                               ; Off                ; Off                ;
; Extract Verilog State Machines                                   ; On                 ; On                 ;
; Extract VHDL State Machines                                      ; On                 ; On                 ;
; Ignore Verilog initial constructs                                ; Off                ; Off                ;
; Iteration limit for constant Verilog loops                       ; 5000               ; 5000               ;
; Iteration limit for non-constant Verilog loops                   ; 250                ; 250                ;
; Add Pass-Through Logic to Inferred RAMs                          ; On                 ; On                 ;
; Infer RAMs from Raw Logic                                        ; On                 ; On                 ;
; Parallel Synthesis                                               ; On                 ; On                 ;
; DSP Block Balancing                                              ; Auto               ; Auto               ;
; NOT Gate Push-Back                                               ; On                 ; On                 ;
; Power-Up Don't Care                                              ; On                 ; On                 ;
; Remove Redundant Logic Cells                                     ; Off                ; Off                ;
; Remove Duplicate Registers                                       ; On                 ; On                 ;
; Ignore CARRY Buffers                                             ; Off                ; Off                ;
; Ignore CASCADE Buffers                                           ; Off                ; Off                ;
; Ignore GLOBAL Buffers                                            ; Off                ; Off                ;
; Ignore ROW GLOBAL Buffers                                        ; Off                ; Off                ;
; Ignore LCELL Buffers                                             ; Off                ; Off                ;
; Ignore SOFT Buffers                                              ; On                 ; On                 ;
; Limit AHDL Integers to 32 Bits                                   ; Off                ; Off                ;
; Optimization Technique                                           ; Balanced           ; Balanced           ;
; Carry Chain Length                                               ; 70                 ; 70                 ;
; Auto Carry Chains                                                ; On                 ; On                 ;
; Auto Open-Drain Pins                                             ; On                 ; On                 ;
; Perform WYSIWYG Primitive Resynthesis                            ; Off                ; Off                ;
; Auto ROM Replacement                                             ; On                 ; On                 ;
; Auto RAM Replacement                                             ; On                 ; On                 ;
; Auto DSP Block Replacement                                       ; On                 ; On                 ;
; Auto Shift Register Replacement                                  ; Auto               ; Auto               ;
; Allow Shift Register Merging across Hierarchies                  ; Auto               ; Auto               ;
; Auto Clock Enable Replacement                                    ; On                 ; On                 ;
; Strict RAM Replacement                                           ; Off                ; Off                ;
; Allow Synchronous Control Signals                                ; On                 ; On                 ;
; Force Use of Synchronous Clear Signals                           ; Off                ; Off                ;
; Auto RAM Block Balancing                                         ; On                 ; On                 ;
; Auto RAM to Logic Cell Conversion                                ; Off                ; Off                ;
; Auto Resource Sharing                                            ; Off                ; Off                ;
; Allow Any RAM Size For Recognition                               ; Off                ; Off                ;
; Allow Any ROM Size For Recognition                               ; Off                ; Off                ;
; Allow Any Shift Register Size For Recognition                    ; Off                ; Off                ;
; Use LogicLock Constraints during Resource Balancing              ; On                 ; On                 ;
; Ignore translate_off and synthesis_off directives                ; Off                ; Off                ;
; Timing-Driven Synthesis                                          ; On                 ; On                 ;
; Report Parameter Settings                                        ; On                 ; On                 ;
; Report Source Assignments                                        ; On                 ; On                 ;
; Report Connectivity Checks                                       ; On                 ; On                 ;
; Ignore Maximum Fan-Out Assignments                               ; Off                ; Off                ;
; Synchronization Register Chain Length                            ; 2                  ; 2                  ;
; Power Optimization During Synthesis                              ; Normal compilation ; Normal compilation ;
; HDL message level                                                ; Level2             ; Level2             ;
; Suppress Register Optimization Related Messages                  ; Off                ; Off                ;
; Number of Removed Registers Reported in Synthesis Report         ; 5000               ; 5000               ;
; Number of Swept Nodes Reported in Synthesis Report               ; 5000               ; 5000               ;
; Number of Inverted Registers Reported in Synthesis Report        ; 100                ; 100                ;
; Clock MUX Protection                                             ; On                 ; On                 ;
; Auto Gated Clock Conversion                                      ; Off                ; Off                ;
; Block Design Naming                                              ; Auto               ; Auto               ;
; SDC constraint protection                                        ; Off                ; Off                ;
; Synthesis Effort                                                 ; Auto               ; Auto               ;
; Shift Register Replacement - Allow Asynchronous Clear Signal     ; On                 ; On                 ;
; Pre-Mapping Resynthesis Optimization                             ; Off                ; Off                ;
; Analysis & Synthesis Message Level                               ; Medium             ; Medium             ;
; Disable Register Merging Across Hierarchies                      ; Auto               ; Auto               ;
; Resource Aware Inference For Block RAM                           ; On                 ; On                 ;
+------------------------------------------------------------------+--------------------+--------------------+


+------------------------------------------+
; Parallel Compilation                     ;
+----------------------------+-------------+
; Processors                 ; Number      ;
+----------------------------+-------------+
; Number detected on machine ; 4           ;
; Maximum allowed            ; 4           ;
;                            ;             ;
; Average used               ; 1.00        ;
; Maximum used               ; 4           ;
;                            ;             ;
; Usage by Processor         ; % Time Used ;
;     Processor 1            ; 100.0%      ;
;     Processor 2            ;   0.0%      ;
;     Processors 3-4         ;   0.0%      ;
+----------------------------+-------------+


+--------------------------------------------------------------------------------------------------------------------+
; Analysis & Synthesis Source Files Read                                                                             ;
+----------------------------------+-----------------+-----------------+-----------------------------------+---------+
; File Name with User-Entered Path ; Used in Netlist ; File Type       ; File Name with Absolute Path      ; Library ;
+----------------------------------+-----------------+-----------------+-----------------------------------+---------+
; UARTPROC.vhd                     ; yes             ; User VHDL File  ; D:/My_Designs/Diplom/UARTPROC.vhd ;         ;
+----------------------------------+-----------------+-----------------+-----------------------------------+---------+


+-------------------------------------------------------+
; Analysis & Synthesis Resource Usage Summary           ;
+---------------------------------------------+---------+
; Resource                                    ; Usage   ;
+---------------------------------------------+---------+
; Estimated Total logic elements              ; 295     ;
;                                             ;         ;
; Total combinational functions               ; 112     ;
; Logic element usage by number of LUT inputs ;         ;
;     -- 4 input functions                    ; 19      ;
;     -- 3 input functions                    ; 8       ;
;     -- <=2 input functions                  ; 85      ;
;                                             ;         ;
; Logic elements by mode                      ;         ;
;     -- normal mode                          ; 112     ;
;     -- arithmetic mode                      ; 0       ;
;                                             ;         ;
; Total registers                             ; 274     ;
;     -- Dedicated logic registers            ; 274     ;
;     -- I/O registers                        ; 0       ;
;                                             ;         ;
; I/O pins                                    ; 209     ;
;                                             ;         ;
; Embedded Multiplier 9-bit elements          ; 0       ;
;                                             ;         ;
; Maximum fan-out node                        ; C~input ;
; Maximum fan-out                             ; 267     ;
; Total fan-out                               ; 1410    ;
; Average fan-out                             ; 1.75    ;
+---------------------------------------------+---------+


+----------------------------------------------------------------------------------------------------------------------------------------------------------------------------------------------------------+
; Analysis & Synthesis Resource Utilization by Entity                                                                                                                                                      ;
+----------------------------+---------------------+---------------------------+-------------+--------------+---------+-----------+------+--------------+---------------------+-------------+--------------+
; Compilation Hierarchy Node ; Combinational ALUTs ; Dedicated Logic Registers ; Memory Bits ; DSP Elements ; DSP 9x9 ; DSP 18x18 ; Pins ; Virtual Pins ; Full Hierarchy Name ; Entity Name ; Library Name ;
+----------------------------+---------------------+---------------------------+-------------+--------------+---------+-----------+------+--------------+---------------------+-------------+--------------+
; |UARTPROC                  ; 112 (112)           ; 274 (274)                 ; 0           ; 0            ; 0       ; 0         ; 209  ; 0            ; |UARTPROC           ; UARTPROC    ; work         ;
+----------------------------+---------------------+---------------------------+-------------+--------------+---------+-----------+------+--------------+---------------------+-------------+--------------+
Note: For table entries with two numbers listed, the numbers in parentheses indicate the number of resources of the given type used by the specific entity alone. The numbers listed outside of parentheses indicate the total resources of the given type used by the specific entity and all of its sub-entities in the hierarchy.


Encoding Type:  One-Hot
+---------------------------------------------------------+
; State Machine - |UARTPROC|fsm                           ;
+--------------+------------+--------------+--------------+
; Name         ; fsm.finish ; fsm.rec_data ; fsm.rec_addr ;
+--------------+------------+--------------+--------------+
; fsm.rec_addr ; 0          ; 0            ; 0            ;
; fsm.rec_data ; 0          ; 1            ; 1            ;
; fsm.finish   ; 1          ; 0            ; 1            ;
+--------------+------------+--------------+--------------+


+------------------------------------------------------+
; General Register Statistics                          ;
+----------------------------------------------+-------+
; Statistic                                    ; Value ;
+----------------------------------------------+-------+
; Total registers                              ; 274   ;
; Number of registers using Synchronous Clear  ; 0     ;
; Number of registers using Synchronous Load   ; 0     ;
; Number of registers using Asynchronous Clear ; 3     ;
; Number of registers using Asynchronous Load  ; 0     ;
; Number of registers using Clock Enable       ; 264   ;
; Number of registers using Preset             ; 0     ;
+----------------------------------------------+-------+


+---------------------------------------------------+
; Inverted Register Statistics                      ;
+-----------------------------------------+---------+
; Inverted Register                       ; Fan out ;
+-----------------------------------------+---------+
; ATTACK_TIME[6]~reg0                     ; 1       ;
; ATTACK_TIME[7]~reg0                     ; 1       ;
; ATTACK_TIME[8]~reg0                     ; 1       ;
; ATTACK_TIME[9]~reg0                     ; 1       ;
; ATTACK_TIME[10]~reg0                    ; 1       ;
; ATTACK_TIME[11]~reg0                    ; 1       ;
; ATTACK_TIME[14]~reg0                    ; 1       ;
; ATTACK_TIME[15]~reg0                    ; 1       ;
; ATTACK_TIME[17]~reg0                    ; 1       ;
; ATTACK_TIME[19]~reg0                    ; 1       ;
; ATTACK_TIME[21]~reg0                    ; 1       ;
; ATTACK_TIME[22]~reg0                    ; 1       ;
; ATTACK_DELTA[1]~reg0                    ; 1       ;
; ATTACK_DELTA[2]~reg0                    ; 1       ;
; ATTACK_DELTA[6]~reg0                    ; 1       ;
; ATTACK_DELTA[10]~reg0                   ; 1       ;
; ATTACK_DELTA[13]~reg0                   ; 1       ;
; ATTACK_DELTA[14]~reg0                   ; 1       ;
; ATTACK_DELTA[16]~reg0                   ; 1       ;
; ATTACK_DELTA[19]~reg0                   ; 1       ;
; ATTACK_DELTA[20]~reg0                   ; 1       ;
; ATTACK_DELTA[26]~reg0                   ; 1       ;
; ATTACK_DELTA[28]~reg0                   ; 1       ;
; ATTACK_DELTA[29]~reg0                   ; 1       ;
; DECAY_TIME[6]~reg0                      ; 1       ;
; DECAY_TIME[7]~reg0                      ; 1       ;
; DECAY_TIME[9]~reg0                      ; 1       ;
; DECAY_TIME[10]~reg0                     ; 1       ;
; DECAY_TIME[14]~reg0                     ; 1       ;
; DECAY_TIME[15]~reg0                     ; 1       ;
; DECAY_TIME[16]~reg0                     ; 1       ;
; DECAY_TIME[18]~reg0                     ; 1       ;
; DECAY_TIME[19]~reg0                     ; 1       ;
; DECAY_TIME[21]~reg0                     ; 1       ;
; DECAY_DELTA[2]~reg0                     ; 1       ;
; DECAY_DELTA[3]~reg0                     ; 1       ;
; DECAY_DELTA[4]~reg0                     ; 1       ;
; DECAY_DELTA[5]~reg0                     ; 1       ;
; DECAY_DELTA[6]~reg0                     ; 1       ;
; DECAY_DELTA[7]~reg0                     ; 1       ;
; DECAY_DELTA[10]~reg0                    ; 1       ;
; DECAY_DELTA[12]~reg0                    ; 1       ;
; DECAY_DELTA[13]~reg0                    ; 1       ;
; DECAY_DELTA[14]~reg0                    ; 1       ;
; DECAY_DELTA[15]~reg0                    ; 1       ;
; DECAY_DELTA[17]~reg0                    ; 1       ;
; DECAY_DELTA[20]~reg0                    ; 1       ;
; DECAY_DELTA[21]~reg0                    ; 1       ;
; DECAY_DELTA[23]~reg0                    ; 1       ;
; DECAY_DELTA[26]~reg0                    ; 1       ;
; DECAY_DELTA[28]~reg0                    ; 1       ;
; DECAY_DELTA[29]~reg0                    ; 1       ;
; RELEASE_DELTA[0]~reg0                   ; 1       ;
; RELEASE_DELTA[2]~reg0                   ; 1       ;
; RELEASE_DELTA[4]~reg0                   ; 1       ;
; RELEASE_DELTA[7]~reg0                   ; 1       ;
; RELEASE_DELTA[8]~reg0                   ; 1       ;
; RELEASE_DELTA[9]~reg0                   ; 1       ;
; RELEASE_DELTA[10]~reg0                  ; 1       ;
; RELEASE_DELTA[11]~reg0                  ; 1       ;
; RELEASE_DELTA[12]~reg0                  ; 1       ;
; RELEASE_DELTA[13]~reg0                  ; 1       ;
; RELEASE_DELTA[15]~reg0                  ; 1       ;
; RELEASE_DELTA[17]~reg0                  ; 1       ;
; RELEASE_DELTA[18]~reg0                  ; 1       ;
; RELEASE_DELTA[20]~reg0                  ; 1       ;
; RELEASE_DELTA[22]~reg0                  ; 1       ;
; RELEASE_DELTA[26]~reg0                  ; 1       ;
; RELEASE_DELTA[28]~reg0                  ; 1       ;
; RELEASE_DELTA[29]~reg0                  ; 1       ;
; RELEASE_TIME[6]~reg0                    ; 1       ;
; RELEASE_TIME[8]~reg0                    ; 1       ;
; RELEASE_TIME[9]~reg0                    ; 1       ;
; RELEASE_TIME[11]~reg0                   ; 1       ;
; RELEASE_TIME[14]~reg0                   ; 1       ;
; RELEASE_TIME[18]~reg0                   ; 1       ;
; RELEASE_TIME[19]~reg0                   ; 1       ;
; RELEASE_TIME[22]~reg0                   ; 1       ;
; Total number of inverted registers = 78 ;         ;
+-----------------------------------------+---------+


+-----------------------------------------------------+
; Post-Synthesis Netlist Statistics for Top Partition ;
+-----------------------+-----------------------------+
; Type                  ; Count                       ;
+-----------------------+-----------------------------+
; boundary_port         ; 209                         ;
; cycloneiii_ff         ; 274                         ;
;     CLR               ; 3                           ;
;     ENA               ; 264                         ;
;     plain             ; 7                           ;
; cycloneiii_lcell_comb ; 190                         ;
;     normal            ; 190                         ;
;         1 data inputs ; 157                         ;
;         2 data inputs ; 6                           ;
;         3 data inputs ; 8                           ;
;         4 data inputs ; 19                          ;
;                       ;                             ;
; Max LUT depth         ; 3.00                        ;
; Average LUT depth     ; 0.78                        ;
+-----------------------+-----------------------------+


+-------------------------------+
; Elapsed Time Per Partition    ;
+----------------+--------------+
; Partition Name ; Elapsed Time ;
+----------------+--------------+
; Top            ; 00:00:01     ;
+----------------+--------------+


+-------------------------------+
; Analysis & Synthesis Messages ;
+-------------------------------+
Info: *******************************************************************
Info: Running Quartus Prime Analysis & Synthesis
    Info: Version 18.1.0 Build 625 09/12/2018 SJ Lite Edition
    Info: Processing started: Fri May 10 09:30:45 2019
Info: Command: quartus_map --read_settings_files=on --write_settings_files=off Generator -c Generator
Warning (18236): Number of processors has not been specified which may cause overloading on shared machines.  Set the global assignment NUM_PARALLEL_PROCESSORS in your QSF to an appropriate value for best performance.
Info (20030): Parallel compilation is enabled and will use 4 of the 4 processors detected
Info (12021): Found 2 design units, including 1 entities, in source file oscill.vhd
    Info (12022): Found design unit 1: Oscill-BEH File: D:/My_Designs/Diplom/Oscill.vhd Line: 19
    Info (12023): Found entity 1: Oscill File: D:/My_Designs/Diplom/Oscill.vhd Line: 6
Info (12021): Found 2 design units, including 1 entities, in source file gen.vhd
    Info (12022): Found design unit 1: gen-BEH File: D:/My_Designs/Diplom/gen.vhd Line: 19
    Info (12023): Found entity 1: gen File: D:/My_Designs/Diplom/gen.vhd Line: 7
Info (12021): Found 2 design units, including 1 entities, in source file timer.vhd
    Info (12022): Found design unit 1: Timer-BEH File: D:/My_Designs/Diplom/Timer.vhd Line: 21
    Info (12023): Found entity 1: Timer File: D:/My_Designs/Diplom/Timer.vhd Line: 6
Info (12021): Found 2 design units, including 1 entities, in source file main.vhd
    Info (12022): Found design unit 1: Main-BEH File: D:/My_Designs/Diplom/Main.vhd Line: 22
    Info (12023): Found entity 1: Main File: D:/My_Designs/Diplom/Main.vhd Line: 7
Info (12021): Found 2 design units, including 1 entities, in source file add.vhd
    Info (12022): Found design unit 1: add-SYN File: D:/My_Designs/Diplom/ADD.vhd Line: 52
    Info (12023): Found entity 1: ADD File: D:/My_Designs/Diplom/ADD.vhd Line: 42
Info (12021): Found 2 design units, including 1 entities, in source file shll.vhd
    Info (12022): Found design unit 1: shll-SYN File: D:/My_Designs/Diplom/SHLL.vhd Line: 52
    Info (12023): Found entity 1: SHLL File: D:/My_Designs/Diplom/SHLL.vhd Line: 42
Info (12021): Found 2 design units, including 1 entities, in source file romserial.vhd
    Info (12022): Found design unit 1: ROMSERIAL-BEH File: D:/My_Designs/Diplom/ROMSERIAL.vhd Line: 23
    Info (12023): Found entity 1: ROMSERIAL File: D:/My_Designs/Diplom/ROMSERIAL.vhd Line: 7
Info (12021): Found 2 design units, including 1 entities, in source file rom1.vhd
    Info (12022): Found design unit 1: rom1-SYN File: D:/My_Designs/Diplom/ROM1.vhd Line: 52
    Info (12023): Found entity 1: ROM1 File: D:/My_Designs/Diplom/ROM1.vhd Line: 42
Info (12021): Found 2 design units, including 1 entities, in source file pll.vhd
    Info (12022): Found design unit 1: pll-SYN File: D:/My_Designs/Diplom/PLL.vhd Line: 53
    Info (12023): Found entity 1: PLL File: D:/My_Designs/Diplom/PLL.vhd Line: 42
Info (12021): Found 2 design units, including 1 entities, in source file uartrx.vhd
    Info (12022): Found design unit 1: uartRX-SYN File: D:/My_Designs/Diplom/uartRX.vhd Line: 25
    Info (12023): Found entity 1: uartRX File: D:/My_Designs/Diplom/uartRX.vhd Line: 9
Info (12021): Found 4 design units, including 2 entities, in source file mul.vhd
    Info (12022): Found design unit 1: MUL_altfp_mult_trn-RTL File: D:/My_Designs/Diplom/MUL.vhd Line: 56
    Info (12022): Found design unit 2: mul-RTL File: D:/My_Designs/Diplom/MUL.vhd Line: 1433
    Info (12023): Found entity 1: MUL_altfp_mult_trn File: D:/My_Designs/Diplom/MUL.vhd Line: 46
    Info (12023): Found entity 2: MUL File: D:/My_Designs/Diplom/MUL.vhd Line: 1422
Info (12021): Found 20 design units, including 10 entities, in source file conv_int_to_float.vhd
    Info (12022): Found design unit 1: CONV_INT_TO_FLOAT_altbarrel_shift_rvf-RTL File: D:/My_Designs/Diplom/CONV_INT_TO_FLOAT.vhd Line: 59
    Info (12022): Found design unit 2: CONV_INT_TO_FLOAT_altpriority_encoder_3v7-RTL File: D:/My_Designs/Diplom/CONV_INT_TO_FLOAT.vhd Line: 328
    Info (12022): Found design unit 3: CONV_INT_TO_FLOAT_altpriority_encoder_3e8-RTL File: D:/My_Designs/Diplom/CONV_INT_TO_FLOAT.vhd Line: 353
    Info (12022): Found design unit 4: CONV_INT_TO_FLOAT_altpriority_encoder_6v7-RTL File: D:/My_Designs/Diplom/CONV_INT_TO_FLOAT.vhd Line: 374
    Info (12022): Found design unit 5: CONV_INT_TO_FLOAT_altpriority_encoder_6e8-RTL File: D:/My_Designs/Diplom/CONV_INT_TO_FLOAT.vhd Line: 436
    Info (12022): Found design unit 6: CONV_INT_TO_FLOAT_altpriority_encoder_bv7-RTL File: D:/My_Designs/Diplom/CONV_INT_TO_FLOAT.vhd Line: 489
    Info (12022): Found design unit 7: CONV_INT_TO_FLOAT_altpriority_encoder_be8-RTL File: D:/My_Designs/Diplom/CONV_INT_TO_FLOAT.vhd Line: 557
    Info (12022): Found design unit 8: CONV_INT_TO_FLOAT_altpriority_encoder_rb6-RTL File: D:/My_Designs/Diplom/CONV_INT_TO_FLOAT.vhd Line: 616
    Info (12022): Found design unit 9: CONV_INT_TO_FLOAT_altfp_convert_j1n-RTL File: D:/My_Designs/Diplom/CONV_INT_TO_FLOAT.vhd Line: 683
    Info (12022): Found design unit 10: conv_int_to_float-RTL File: D:/My_Designs/Diplom/CONV_INT_TO_FLOAT.vhd Line: 1084
    Info (12023): Found entity 1: CONV_INT_TO_FLOAT_altbarrel_shift_rvf File: D:/My_Designs/Diplom/CONV_INT_TO_FLOAT.vhd Line: 47
    Info (12023): Found entity 2: CONV_INT_TO_FLOAT_altpriority_encoder_3v7 File: D:/My_Designs/Diplom/CONV_INT_TO_FLOAT.vhd Line: 320
    Info (12023): Found entity 3: CONV_INT_TO_FLOAT_altpriority_encoder_3e8 File: D:/My_Designs/Diplom/CONV_INT_TO_FLOAT.vhd Line: 344
    Info (12023): Found entity 4: CONV_INT_TO_FLOAT_altpriority_encoder_6v7 File: D:/My_Designs/Diplom/CONV_INT_TO_FLOAT.vhd Line: 366
    Info (12023): Found entity 5: CONV_INT_TO_FLOAT_altpriority_encoder_6e8 File: D:/My_Designs/Diplom/CONV_INT_TO_FLOAT.vhd Line: 427
    Info (12023): Found entity 6: CONV_INT_TO_FLOAT_altpriority_encoder_bv7 File: D:/My_Designs/Diplom/CONV_INT_TO_FLOAT.vhd Line: 481
    Info (12023): Found entity 7: CONV_INT_TO_FLOAT_altpriority_encoder_be8 File: D:/My_Designs/Diplom/CONV_INT_TO_FLOAT.vhd Line: 548
    Info (12023): Found entity 8: CONV_INT_TO_FLOAT_altpriority_encoder_rb6 File: D:/My_Designs/Diplom/CONV_INT_TO_FLOAT.vhd Line: 608
    Info (12023): Found entity 9: CONV_INT_TO_FLOAT_altfp_convert_j1n File: D:/My_Designs/Diplom/CONV_INT_TO_FLOAT.vhd Line: 674
    Info (12023): Found entity 10: CONV_INT_TO_FLOAT File: D:/My_Designs/Diplom/CONV_INT_TO_FLOAT.vhd Line: 1074
Info (12021): Found 44 design units, including 22 entities, in source file addsub.vhd
    Info (12022): Found design unit 1: ADDSUB_altbarrel_shift_35e-RTL File: D:/My_Designs/Diplom/ADDSUB.vhd Line: 59
    Info (12022): Found design unit 2: ADDSUB_altbarrel_shift_olb-RTL File: D:/My_Designs/Diplom/ADDSUB.vhd Line: 314
    Info (12022): Found design unit 3: ADDSUB_altpriority_encoder_3e8-RTL File: D:/My_Designs/Diplom/ADDSUB.vhd Line: 557
    Info (12022): Found design unit 4: ADDSUB_altpriority_encoder_6e8-RTL File: D:/My_Designs/Diplom/ADDSUB.vhd Line: 579
    Info (12022): Found design unit 5: ADDSUB_altpriority_encoder_be8-RTL File: D:/My_Designs/Diplom/ADDSUB.vhd Line: 633
    Info (12022): Found design unit 6: ADDSUB_altpriority_encoder_3v7-RTL File: D:/My_Designs/Diplom/ADDSUB.vhd Line: 704
    Info (12022): Found design unit 7: ADDSUB_altpriority_encoder_6v7-RTL File: D:/My_Designs/Diplom/ADDSUB.vhd Line: 724
    Info (12022): Found design unit 8: ADDSUB_altpriority_encoder_bv7-RTL File: D:/My_Designs/Diplom/ADDSUB.vhd Line: 781
    Info (12022): Found design unit 9: ADDSUB_altpriority_encoder_r08-RTL File: D:/My_Designs/Diplom/ADDSUB.vhd Line: 844
    Info (12022): Found design unit 10: ADDSUB_altpriority_encoder_rf8-RTL File: D:/My_Designs/Diplom/ADDSUB.vhd Line: 912
    Info (12022): Found design unit 11: ADDSUB_altpriority_encoder_qb6-RTL File: D:/My_Designs/Diplom/ADDSUB.vhd Line: 971
    Info (12022): Found design unit 12: ADDSUB_altpriority_encoder_nh8-RTL File: D:/My_Designs/Diplom/ADDSUB.vhd Line: 1055
    Info (12022): Found design unit 13: ADDSUB_altpriority_encoder_qh8-RTL File: D:/My_Designs/Diplom/ADDSUB.vhd Line: 1081
    Info (12022): Found design unit 14: ADDSUB_altpriority_encoder_vh8-RTL File: D:/My_Designs/Diplom/ADDSUB.vhd Line: 1135
    Info (12022): Found design unit 15: ADDSUB_altpriority_encoder_fj8-RTL File: D:/My_Designs/Diplom/ADDSUB.vhd Line: 1195
    Info (12022): Found design unit 16: ADDSUB_altpriority_encoder_n28-RTL File: D:/My_Designs/Diplom/ADDSUB.vhd Line: 1270
    Info (12022): Found design unit 17: ADDSUB_altpriority_encoder_q28-RTL File: D:/My_Designs/Diplom/ADDSUB.vhd Line: 1294
    Info (12022): Found design unit 18: ADDSUB_altpriority_encoder_v28-RTL File: D:/My_Designs/Diplom/ADDSUB.vhd Line: 1351
    Info (12022): Found design unit 19: ADDSUB_altpriority_encoder_f48-RTL File: D:/My_Designs/Diplom/ADDSUB.vhd Line: 1414
    Info (12022): Found design unit 20: ADDSUB_altpriority_encoder_e48-RTL File: D:/My_Designs/Diplom/ADDSUB.vhd Line: 1477
    Info (12022): Found design unit 21: ADDSUB_altfp_add_sub_mal-RTL File: D:/My_Designs/Diplom/ADDSUB.vhd Line: 1548
    Info (12022): Found design unit 22: addsub-RTL File: D:/My_Designs/Diplom/ADDSUB.vhd Line: 4859
    Info (12023): Found entity 1: ADDSUB_altbarrel_shift_35e File: D:/My_Designs/Diplom/ADDSUB.vhd Line: 47
    Info (12023): Found entity 2: ADDSUB_altbarrel_shift_olb File: D:/My_Designs/Diplom/ADDSUB.vhd Line: 305
    Info (12023): Found entity 3: ADDSUB_altpriority_encoder_3e8 File: D:/My_Designs/Diplom/ADDSUB.vhd Line: 548
    Info (12023): Found entity 4: ADDSUB_altpriority_encoder_6e8 File: D:/My_Designs/Diplom/ADDSUB.vhd Line: 570
    Info (12023): Found entity 5: ADDSUB_altpriority_encoder_be8 File: D:/My_Designs/Diplom/ADDSUB.vhd Line: 624
    Info (12023): Found entity 6: ADDSUB_altpriority_encoder_3v7 File: D:/My_Designs/Diplom/ADDSUB.vhd Line: 696
    Info (12023): Found entity 7: ADDSUB_altpriority_encoder_6v7 File: D:/My_Designs/Diplom/ADDSUB.vhd Line: 716
    Info (12023): Found entity 8: ADDSUB_altpriority_encoder_bv7 File: D:/My_Designs/Diplom/ADDSUB.vhd Line: 773
    Info (12023): Found entity 9: ADDSUB_altpriority_encoder_r08 File: D:/My_Designs/Diplom/ADDSUB.vhd Line: 836
    Info (12023): Found entity 10: ADDSUB_altpriority_encoder_rf8 File: D:/My_Designs/Diplom/ADDSUB.vhd Line: 903
    Info (12023): Found entity 11: ADDSUB_altpriority_encoder_qb6 File: D:/My_Designs/Diplom/ADDSUB.vhd Line: 963
    Info (12023): Found entity 12: ADDSUB_altpriority_encoder_nh8 File: D:/My_Designs/Diplom/ADDSUB.vhd Line: 1046
    Info (12023): Found entity 13: ADDSUB_altpriority_encoder_qh8 File: D:/My_Designs/Diplom/ADDSUB.vhd Line: 1072
    Info (12023): Found entity 14: ADDSUB_altpriority_encoder_vh8 File: D:/My_Designs/Diplom/ADDSUB.vhd Line: 1126
    Info (12023): Found entity 15: ADDSUB_altpriority_encoder_fj8 File: D:/My_Designs/Diplom/ADDSUB.vhd Line: 1186
    Info (12023): Found entity 16: ADDSUB_altpriority_encoder_n28 File: D:/My_Designs/Diplom/ADDSUB.vhd Line: 1262
    Info (12023): Found entity 17: ADDSUB_altpriority_encoder_q28 File: D:/My_Designs/Diplom/ADDSUB.vhd Line: 1286
    Info (12023): Found entity 18: ADDSUB_altpriority_encoder_v28 File: D:/My_Designs/Diplom/ADDSUB.vhd Line: 1343
    Info (12023): Found entity 19: ADDSUB_altpriority_encoder_f48 File: D:/My_Designs/Diplom/ADDSUB.vhd Line: 1406
    Info (12023): Found entity 20: ADDSUB_altpriority_encoder_e48 File: D:/My_Designs/Diplom/ADDSUB.vhd Line: 1469
    Info (12023): Found entity 21: ADDSUB_altfp_add_sub_mal File: D:/My_Designs/Diplom/ADDSUB.vhd Line: 1535
    Info (12023): Found entity 22: ADDSUB File: D:/My_Designs/Diplom/ADDSUB.vhd Line: 4845
Info (12021): Found 2 design units, including 1 entities, in source file adsr.vhd
    Info (12022): Found design unit 1: ADSR-SYN File: D:/My_Designs/Diplom/ADSR.vhd Line: 27
    Info (12023): Found entity 1: ADSR File: D:/My_Designs/Diplom/ADSR.vhd Line: 7
Info (12021): Found 6 design units, including 3 entities, in source file conv_float_to_int.vhd
    Info (12022): Found design unit 1: CONV_FLOAT_TO_INT_altbarrel_shift_10g-RTL File: D:/My_Designs/Diplom/CONV_FLOAT_TO_INT.vhd Line: 59
    Info (12022): Found design unit 2: CONV_FLOAT_TO_INT_altfp_convert_j1n-RTL File: D:/My_Designs/Diplom/CONV_FLOAT_TO_INT.vhd Line: 405
    Info (12022): Found design unit 3: conv_float_to_int-RTL File: D:/My_Designs/Diplom/CONV_FLOAT_TO_INT.vhd Line: 1746
    Info (12023): Found entity 1: CONV_FLOAT_TO_INT_altbarrel_shift_10g File: D:/My_Designs/Diplom/CONV_FLOAT_TO_INT.vhd Line: 47
    Info (12023): Found entity 2: CONV_FLOAT_TO_INT_altfp_convert_j1n File: D:/My_Designs/Diplom/CONV_FLOAT_TO_INT.vhd Line: 396
    Info (12023): Found entity 3: CONV_FLOAT_TO_INT File: D:/My_Designs/Diplom/CONV_FLOAT_TO_INT.vhd Line: 1736
Info (12021): Found 1 design units, including 1 entities, in source file block.bdf
    Info (12023): Found entity 1: BLOCK
Info (12021): Found 2 design units, including 1 entities, in source file block1.vhd
    Info (12022): Found design unit 1: Block1-Syn File: D:/My_Designs/Diplom/Block1.vhd Line: 38
    Info (12023): Found entity 1: Block1 File: D:/My_Designs/Diplom/Block1.vhd Line: 8
Info (12021): Found 2 design units, including 1 entities, in source file buttonproc.vhd
    Info (12022): Found design unit 1: BUTtonProc-SYN File: D:/My_Designs/Diplom/ButtonProc.vhd Line: 30
    Info (12023): Found entity 1: ButtonProc File: D:/My_Designs/Diplom/ButtonProc.vhd Line: 8
Info (12021): Found 2 design units, including 1 entities, in source file tb_oscill.vhd
    Info (12022): Found design unit 1: TB_OSCILL-BEH File: D:/My_Designs/Diplom/TB_OSCILL.vhd Line: 19
    Info (12023): Found entity 1: TB_OSCILL File: D:/My_Designs/Diplom/TB_OSCILL.vhd Line: 6
Info (12021): Found 2 design units, including 1 entities, in source file uartproc.vhd
    Info (12022): Found design unit 1: UARTPROC-SYN File: D:/My_Designs/Diplom/UARTPROC.vhd Line: 32
    Info (12023): Found entity 1: UARTPROC File: D:/My_Designs/Diplom/UARTPROC.vhd Line: 6
Info (12021): Found 2 design units, including 1 entities, in source file test.vhd
    Info (12022): Found design unit 1: test-SYN File: D:/My_Designs/Diplom/test.vhd Line: 10
    Info (12023): Found entity 1: test File: D:/My_Designs/Diplom/test.vhd Line: 7
Info (12021): Found 2 design units, including 1 entities, in source file tb_block1.vhd
    Info (12022): Found design unit 1: TB_BLOCK1-BEh File: D:/My_Designs/Diplom/TB_BLOCK1.vhd Line: 31
    Info (12023): Found entity 1: TB_BLOCK1 File: D:/My_Designs/Diplom/TB_BLOCK1.vhd Line: 7
Info (12021): Found 1 design units, including 1 entities, in source file maindiagram.bdf
    Info (12023): Found entity 1: MAINDIAGRAM
Info (12021): Found 2 design units, including 1 entities, in source file lfo.vhd
    Info (12022): Found design unit 1: LFO-SYN File: D:/My_Designs/Diplom/LFO.vhd Line: 16
    Info (12023): Found entity 1: LFO File: D:/My_Designs/Diplom/LFO.vhd Line: 6
Info (12021): Found 2 design units, including 1 entities, in source file romlfo.vhd
    Info (12022): Found design unit 1: romlfo-SYN File: D:/My_Designs/Diplom/ROMLFO.vhd Line: 52
    Info (12023): Found entity 1: ROMLFO File: D:/My_Designs/Diplom/ROMLFO.vhd Line: 42
Info (12127): Elaborating entity "UARTPROC" for the top level hierarchy
Info (286030): Timing-Driven Synthesis is running
Info (16010): Generating hard_block partition "hard_block:auto_generated_inst"
    Info (16011): Adding 0 node(s), including 0 DDIO, 0 PLL, 0 transceiver and 0 LCELL
Warning (21074): Design contains 1 input pin(s) that do not drive logic
    Warning (15610): No output dependent on input pin "BUT_3" File: D:/My_Designs/Diplom/UARTPROC.vhd Line: 28
Info (21057): Implemented 505 device resources after synthesis - the final resource count might be different
    Info (21058): Implemented 14 input pins
    Info (21059): Implemented 195 output pins
    Info (21061): Implemented 296 logic cells
Info: Quartus Prime Analysis & Synthesis was successful. 0 errors, 3 warnings
    Info: Peak virtual memory: 4827 megabytes
    Info: Processing ended: Fri May 10 09:31:04 2019
    Info: Elapsed time: 00:00:19
    Info: Total CPU time (on all processors): 00:00:33


